<?xml version="1.0" encoding="UTF-8"?>
<!-- Generated by org.testng.reporters.JUnitXMLReporter -->
<testsuite ignored="11" hostname="DESKTOP-VQ5QEI1" failures="0" tests="1" name="Default test(failed)(failed)" time="3.742" errors="0" timestamp="2025-07-28T15:56:51 IST">
  <testcase classname="testcases.ProductTests" name="testGetAllProducts" time="3.153"/>
  <testcase classname="testcases.ProductTests" name="testGetSortedProducts" time="0.0">
    <ignored/>
  </testcase> <!-- testGetSortedProducts -->
  <testcase classname="testcases.ProductTests" name="testGetAllCategories" time="0.0">
    <ignored/>
  </testcase> <!-- testGetAllCategories -->
  <testcase classname="testcases.ProductTests" name="testGetLimitedProducts" time="0.0">
    <ignored/>
  </testcase> <!-- testGetLimitedProducts -->
  <testcase classname="testcases.ProductTests" name="testGetSortedProductsAsc" time="0.0">
    <ignored/>
  </testcase> <!-- testGetSortedProductsAsc -->
  <testcase classname="testcases.ProductTests" name="testUpdateProduct" time="0.0">
    <ignored/>
  </testcase> <!-- testUpdateProduct -->
  <testcase classname="testcases.ProductTests" name="testGetLimitedProducts1" time="0.0">
    <ignored/>
  </testcase> <!-- testGetLimitedProducts1 -->
  <testcase classname="testcases.ProductTests" name="testGetSingleProductById" time="0.0">
    <ignored/>
  </testcase> <!-- testGetSingleProductById -->
  <testcase classname="testcases.ProductTests" name="testAddNewProduct" time="0.0">
    <ignored/>
  </testcase> <!-- testAddNewProduct -->
  <testcase classname="testcases.ProductTests" name="testGetSortedProducts1" time="0.0">
    <ignored/>
  </testcase> <!-- testGetSortedProducts1 -->
  <testcase classname="testcases.ProductTests" name="testGetProductsByCategory" time="0.0">
    <ignored/>
  </testcase> <!-- testGetProductsByCategory -->
  <testcase classname="testcases.ProductTests" name="testDeleteProduct" time="0.0">
    <ignored/>
  </testcase> <!-- testDeleteProduct -->
</testsuite> <!-- Default test(failed)(failed) -->
