<?xml version="1.0" encoding="UTF-8"?>
<!-- Generated by org.testng.reporters.JUnitXMLReporter -->
<testsuite ignored="3" hostname="DESKTOP-VQ5QEI1" failures="0" tests="1" name="Default test(failed)" time="3.46" errors="0" timestamp="2025-07-29T18:18:41 IST">
  <testcase classname="testcases.PRACTICAL" name="TestGetProductById" time="2.618"/>
  <testcase classname="testcases.PRACTICAL" name="getlimit" time="0.0">
    <ignored/>
  </testcase> <!-- getlimit -->
  <testcase classname="testcases.PRACTICAL" name="Testgetlimt" time="0.0">
    <ignored/>
  </testcase> <!-- Testgetlimt -->
  <testcase classname="testcases.PRACTICAL" name="Test_getAllProducts" time="0.0">
    <ignored/>
  </testcase> <!-- Test_getAllProducts -->
</testsuite> <!-- Default test(failed) -->
