<?xml version="1.0" encoding="UTF-8"?>
<!-- Generated by org.testng.reporters.JUnitReportReporter -->
<testsuite hostname="DESKTOP-VQ5QEI1" failures="0" tests="5" name="testcases.ProductDataDrivenTest" time="7.067" errors="0" timestamp="2025-07-28T14:21:56 IST" skipped="0">
  <testcase classname="testcases.ProductDataDrivenTest" name="testAddNewProduct" time="0.764"/>
  <testcase classname="testcases.ProductDataDrivenTest" name="testAddNewProduct" time="4.031"/>
  <testcase classname="testcases.ProductDataDrivenTest" name="testAddNewProduct" time="0.714"/>
  <testcase classname="testcases.ProductDataDrivenTest" name="testAddNewProduct" time="0.812"/>
  <testcase classname="testcases.ProductDataDrivenTest" name="testAddNewProduct" time="0.746"/>
</testsuite> <!-- testcases.ProductDataDrivenTest -->
