<?xml version="1.0" encoding="UTF-8"?>
<!-- Generated by org.testng.reporters.JUnitReportReporter -->
<testsuite hostname="DESKTOP-VQ5QEI1" failures="1" tests="12" name="testcases.ProductTests" time="3.103" errors="0" timestamp="2025-07-30T15:01:22 IST" skipped="11">
  <testcase classname="testcases.ProductTests" name="testGetAllProducts" time="3.103">
    <failure message="expected [null] but found [[men&#039;s clothing, men&#039;s clothing, men&#039;s clothing, men&#039;s clothing, jewelery, jewelery, jewelery, jewelery, electronics, electronics, electronics, electronics, electronics, electronics, women&#039;s clothing, women&#039;s clothing, women&#039;s clothing, women&#039;s clothing, women&#039;s clothing, women&#039;s clothing]]" type="java.lang.AssertionError">
      <![CDATA[java.lang.AssertionError: expected [null] but found [[men's clothing, men's clothing, men's clothing, men's clothing, jewelery, jewelery, jewelery, jewelery, electronics, electronics, electronics, electronics, electronics, electronics, women's clothing, women's clothing, women's clothing, women's clothing, women's clothing, women's clothing]]
at org.testng.Assert.fail(Assert.java:111)
at org.testng.Assert.failNotSame(Assert.java:1574)
at org.testng.Assert.assertNull(Assert.java:1507)
at org.testng.Assert.assertNull(Assert.java:1495)
at testcases.ProductTests.testGetAllProducts(ProductTests.java:82)
at java.base/jdk.internal.reflect.NativeMethodAccessorImpl.invoke0(Native Method)
at java.base/jdk.internal.reflect.NativeMethodAccessorImpl.invoke(NativeMethodAccessorImpl.java:77)
at java.base/jdk.internal.reflect.DelegatingMethodAccessorImpl.invoke(DelegatingMethodAccessorImpl.java:43)
at java.base/java.lang.reflect.Method.invoke(Method.java:568)
at org.testng.internal.invokers.MethodInvocationHelper.invokeMethod(MethodInvocationHelper.java:141)
at org.testng.internal.invokers.TestInvoker.invokeMethod(TestInvoker.java:686)
at org.testng.internal.invokers.TestInvoker.invokeTestMethod(TestInvoker.java:230)
at org.testng.internal.invokers.MethodRunner.runInSequence(MethodRunner.java:63)
at org.testng.internal.invokers.TestInvoker$MethodInvocationAgent.invoke(TestInvoker.java:992)
at org.testng.internal.invokers.TestInvoker.invokeTestMethods(TestInvoker.java:203)
at org.testng.internal.invokers.TestMethodWorker.invokeTestMethods(TestMethodWorker.java:154)
at org.testng.internal.invokers.TestMethodWorker.run(TestMethodWorker.java:134)
at java.base/java.util.ArrayList.forEach(ArrayList.java:1511)
at org.testng.TestRunner.privateRun(TestRunner.java:739)
at org.testng.TestRunner.run(TestRunner.java:614)
at org.testng.SuiteRunner.runTest(SuiteRunner.java:421)
at org.testng.SuiteRunner.runSequentially(SuiteRunner.java:413)
at org.testng.SuiteRunner.privateRun(SuiteRunner.java:373)
at org.testng.SuiteRunner.run(SuiteRunner.java:312)
at org.testng.SuiteRunnerWorker.runSuite(SuiteRunnerWorker.java:52)
at org.testng.SuiteRunnerWorker.run(SuiteRunnerWorker.java:95)
at org.testng.TestNG.runSuitesSequentially(TestNG.java:1274)
at org.testng.TestNG.runSuitesLocally(TestNG.java:1208)
at org.testng.TestNG.runSuites(TestNG.java:1112)
at org.testng.TestNG.run(TestNG.java:1079)
at org.testng.remote.AbstractRemoteTestNG.run(AbstractRemoteTestNG.java:115)
at org.testng.remote.RemoteTestNG.initAndRun(RemoteTestNG.java:293)
at org.testng.remote.RemoteTestNG.main(RemoteTestNG.java:91)
]]>
    </failure>
  </testcase> <!-- testGetAllProducts -->
  <testcase classname="testcases.ProductTests" name="testGetProductsByCategory">
    <skipped/>
  </testcase> <!-- testGetProductsByCategory -->
  <testcase classname="testcases.ProductTests" name="testAddNewProduct">
    <skipped/>
  </testcase> <!-- testAddNewProduct -->
  <testcase classname="testcases.ProductTests" name="testGetSingleProductById">
    <skipped/>
  </testcase> <!-- testGetSingleProductById -->
  <testcase classname="testcases.ProductTests" name="testGetSortedProducts1">
    <skipped/>
  </testcase> <!-- testGetSortedProducts1 -->
  <testcase classname="testcases.ProductTests" name="testGetAllCategories">
    <skipped/>
  </testcase> <!-- testGetAllCategories -->
  <testcase classname="testcases.ProductTests" name="testGetLimitedProducts">
    <skipped/>
  </testcase> <!-- testGetLimitedProducts -->
  <testcase classname="testcases.ProductTests" name="testGetSortedProductsAsc">
    <skipped/>
  </testcase> <!-- testGetSortedProductsAsc -->
  <testcase classname="testcases.ProductTests" name="testGetLimitedProducts1">
    <skipped/>
  </testcase> <!-- testGetLimitedProducts1 -->
  <testcase classname="testcases.ProductTests" name="testDeleteProduct">
    <skipped/>
  </testcase> <!-- testDeleteProduct -->
  <testcase classname="testcases.ProductTests" name="testUpdateProduct">
    <skipped/>
  </testcase> <!-- testUpdateProduct -->
  <testcase classname="testcases.ProductTests" name="testGetSortedProducts">
    <skipped/>
  </testcase> <!-- testGetSortedProducts -->
</testsuite> <!-- testcases.ProductTests -->
