<?xml version="1.0" encoding="UTF-8"?>
<!-- Generated by org.testng.reporters.JUnitReportReporter -->
<testsuite hostname="DESKTOP-VQ5QEI1" failures="0" tests="2" name="testcases.PRACTICAL" time="3.048" errors="0" timestamp="2025-07-30T16:05:29 IST" skipped="1">
  <testcase classname="testcases.PRACTICAL" name="TestCreateProduct" time="3.048"/>
  <testcase classname="testcases.PRACTICAL" name="TestSoretedAsc">
    <skipped/>
  </testcase> <!-- TestSoretedAsc -->
</testsuite> <!-- testcases.PRACTICAL -->
