<?xml version="1.0" encoding="UTF-8"?>
<!-- Generated by org.testng.reporters.JUnitReportReporter -->
<testsuite hostname="DESKTOP-VQ5QEI1" failures="0" tests="4" name="testcases.UserTests" time="5.915" errors="0" timestamp="2025-07-29T14:35:18 IST" skipped="1">
  <testcase classname="testcases.UserTests" name="testDeleteUser" time="0.622"/>
  <testcase classname="testcases.UserTests" name="testUpdateUser" time="0.335"/>
  <testcase classname="testcases.UserTests" name="testCreateUser" time="4.958"/>
  <testcase classname="testcases.UserTests" name="testGetAllUsers">
    <skipped/>
  </testcase> <!-- testGetAllUsers -->
</testsuite> <!-- testcases.UserTests -->
