<?xml version="1.0" encoding="UTF-8"?>
<testng-results ignored="0" total="1" passed="1" failed="0" skipped="0">
  <reporter-output>
  </reporter-output>
  <suite started-at="2025-07-30T16:05:25 IST" name="Default suite" finished-at="2025-07-30T16:05:28 IST" duration-ms="3670">
    <groups>
    </groups>
    <test started-at="2025-07-30T16:05:25 IST" name="Default test" finished-at="2025-07-30T16:05:28 IST" duration-ms="3670">
      <class name="testcases.PRACTICAL">
        <test-method is-config="true" signature="setup()[pri:0, instance:testcases.PRACTICAL@4d0d9fe7]" started-at="2025-07-30T16:05:25 IST" name="setup" finished-at="2025-07-30T16:05:25 IST" duration-ms="572" status="PASS">
          <reporter-output>
          </reporter-output>
        </test-method> <!-- setup -->
        <test-method signature="TestCreateProduct()[pri:0, instance:testcases.PRACTICAL@4d0d9fe7]" started-at="2025-07-30T16:05:25 IST" name="TestCreateProduct" finished-at="2025-07-30T16:05:28 IST" duration-ms="3048" status="PASS">
          <reporter-output>
          </reporter-output>
        </test-method> <!-- TestCreateProduct -->
      </class> <!-- testcases.PRACTICAL -->
    </test> <!-- Default test -->
  </suite> <!-- Default suite -->
</testng-results>
