<?xml version="1.0" encoding="UTF-8"?>
<!-- Generated by org.testng.reporters.JUnitXMLReporter -->
<testsuite ignored="1" hostname="DESKTOP-VQ5QEI1" failures="0" tests="1" name="Default test" time="3.67" errors="0" timestamp="2025-07-30T16:05:29 IST">
  <testcase classname="testcases.PRACTICAL" name="TestCreateProduct" time="3.048"/>
  <testcase classname="testcases.PRACTICAL" name="TestSoretedAsc" time="0.0">
    <ignored/>
  </testcase> <!-- TestSoretedAsc -->
</testsuite> <!-- Default test -->
