<?xml version="1.0" encoding="UTF-8"?>
<!-- Generated by org.testng.reporters.JUnitXMLReporter -->
<testsuite ignored="7" hostname="DESKTOP-VQ5QEI1" failures="0" tests="5" name="Product-Test" time="9.034" errors="0" timestamp="2025-07-29T14:35:18 IST">
  <testcase classname="testcases.ProductTests" name="testAddNewProduct" time="4.939"/>
  <testcase classname="testcases.ProductTests" name="testDeleteProduct" time="0.705"/>
  <testcase classname="testcases.ProductTests" name="testGetAllProducts" time="0.847"/>
  <testcase classname="testcases.ProductTests" name="testGetSingleProductById" time="0.479"/>
  <testcase classname="testcases.ProductTests" name="testUpdateProduct" time="0.489"/>
  <testcase classname="testcases.ProductTests" name="testGetSortedProducts1" time="0.0">
    <ignored/>
  </testcase> <!-- testGetSortedProducts1 -->
  <testcase classname="testcases.ProductTests" name="testGetProductsByCategory" time="0.0">
    <ignored/>
  </testcase> <!-- testGetProductsByCategory -->
  <testcase classname="testcases.ProductTests" name="testGetSortedProducts" time="0.0">
    <ignored/>
  </testcase> <!-- testGetSortedProducts -->
  <testcase classname="testcases.ProductTests" name="testGetLimitedProducts1" time="0.0">
    <ignored/>
  </testcase> <!-- testGetLimitedProducts1 -->
  <testcase classname="testcases.ProductTests" name="testGetSortedProductsAsc" time="0.0">
    <ignored/>
  </testcase> <!-- testGetSortedProductsAsc -->
  <testcase classname="testcases.ProductTests" name="testGetAllCategories" time="0.0">
    <ignored/>
  </testcase> <!-- testGetAllCategories -->
  <testcase classname="testcases.ProductTests" name="testGetLimitedProducts" time="0.0">
    <ignored/>
  </testcase> <!-- testGetLimitedProducts -->
</testsuite> <!-- Product-Test -->
