<?xml version="1.0" encoding="UTF-8"?>
<!-- Generated by org.testng.reporters.JUnitXMLReporter -->
<testsuite ignored="0" hostname="DESKTOP-VQ5QEI1" failures="0" tests="5" name="Test" time="7.257" errors="0" timestamp="2025-05-23T19:48:34 IST">
  <testcase classname="testcases.ProductTests" name="testGetAllProducts" time="3.667"/>
  <testcase classname="testcases.ProductTests" name="testGetLimitedProducts" time="0.651"/>
  <testcase classname="testcases.ProductTests" name="testGetSingleProductById" time="0.604"/>
  <testcase classname="testcases.ProductTests" name="testGetSortedProducts" time="0.734"/>
  <testcase classname="testcases.ProductTests" name="testGetSortedProductsAsc" time="0.517"/>
</testsuite> <!-- Test -->
