<?xml version="1.0" encoding="UTF-8"?>
<!-- Generated by org.testng.reporters.JUnitXMLReporter -->
<testsuite ignored="1" hostname="DESKTOP-VQ5QEI1" failures="0" tests="3" name="User_Test" time="7.469" errors="0" timestamp="2025-07-29T14:35:17 IST">
  <testcase classname="testcases.UserTests" name="testCreateUser" time="4.958"/>
  <testcase classname="testcases.UserTests" name="testDeleteUser" time="0.622"/>
  <testcase classname="testcases.UserTests" name="testUpdateUser" time="0.335"/>
  <testcase classname="testcases.UserTests" name="testGetAllUsers" time="0.0">
    <ignored/>
  </testcase> <!-- testGetAllUsers -->
</testsuite> <!-- User_Test -->
